<?xml version="1.0" encoding="UTF-8"?>
<testsuites>
    <testsuite name="Galen Suite" tests="${tests?size}">
        <#list tests as test>
        <testcase class="${test.testInfo.name?html}" name="${test.testInfo.name?html}"
                  time="${(test.duration/1000)?c}" timestamp="${test.testInfo.startedAt?string('yyyy-MM-dd\'T\'HH:mm:ss\'Z\'')}">
            <#if test.failed>
                <#if test.testInfo.exception?has_content>
                <error message="Exception" type="${test.testInfo.exception.class.name}">
                    ${test.exceptionMessage?html}
                </error>
                <#else>
                <failure type="${test.testInfo.name?html}" message="Layout errors">
                </failure>
                </#if>
            </#if>
        </testcase>
        </#list>
    </testsuite>
</testsuites>
